<?xml version="1.0" encoding="UTF-8"?>
<!-- Generated by org.testng.reporters.JUnitReportReporter -->
<testsuite skipped="0" hostname="DESKTOP-33M2MLR" name="testcases.CreateNewAccount" tests="1" failures="0" timestamp="25 Apr 2019 03:28:21 GMT" time="16.664" errors="0">
  <testcase name="f" time="16.664" classname="testcases.CreateNewAccount"/>
</testsuite> <!-- testcases.CreateNewAccount -->
